<?xml version="1.0" encoding="UTF-8"?>
<!-- Generated by org.testng.reporters.JUnitReportReporter -->
<testsuite skipped="0" hostname="A2ML27178" name="com.training.sanity.tests.AddUserTests" tests="1" failures="0" timestamp="28 Oct 2019 05:11:06 GMT" time="54.756" errors="0">
  <testcase name="testMethod1" time="54.756" classname="com.training.sanity.tests.AddUserTests"/>
</testsuite> <!-- com.training.sanity.tests.AddUserTests -->
