<?xml version="1.0" encoding="UTF-8"?>
<!-- Generated by org.testng.reporters.JUnitReportReporter -->
<testsuite skipped="0" hostname="A2ML27178" name="com.training.sanity.tests.CreateCourseTests" tests="1" failures="0" timestamp="28 Oct 2019 08:37:59 GMT" time="35.156" errors="0">
  <testcase name="testMethod1" time="35.156" classname="com.training.sanity.tests.CreateCourseTests"/>
</testsuite> <!-- com.training.sanity.tests.CreateCourseTests -->
