<?xml version="1.0" encoding="UTF-8"?>
<!-- Generated by org.testng.reporters.JUnitReportReporter -->
<testsuite skipped="0" hostname="A2ML27178" name="com.training.sanity.tests.DeleteCourseTests" tests="1" failures="0" timestamp="29 Oct 2019 19:25:36 GMT" time="6.226" errors="0">
  <testcase name="testMethod1" time="6.226" classname="com.training.sanity.tests.DeleteCourseTests"/>
</testsuite> <!-- com.training.sanity.tests.DeleteCourseTests -->
