<?xml version="1.0" encoding="UTF-8"?>
<!-- Generated by org.testng.reporters.JUnitReportReporter -->
<testsuite skipped="0" hostname="A2ML27178" name="com.training.sanity.tests.AddCourseCategoryTests" tests="1" failures="0" timestamp="28 Oct 2019 06:18:09 GMT" time="32.373" errors="0">
  <testcase name="testMethod1" time="32.373" classname="com.training.sanity.tests.AddCourseCategoryTests"/>
</testsuite> <!-- com.training.sanity.tests.AddCourseCategoryTests -->
