<?xml version="1.0" encoding="UTF-8"?>
<!-- Generated by org.testng.reporters.JUnitReportReporter -->
<testsuite skipped="0" hostname="A2ML27178" name="com.training.sanity.tests.LoginTests" tests="1" failures="0" timestamp="26 Oct 2019 17:24:34 GMT" time="29.112" errors="0">
  <testcase name="testMethod1" time="29.112" classname="com.training.sanity.tests.LoginTests"/>
</testsuite> <!-- com.training.sanity.tests.LoginTests -->
